#
# A fatal error has been detected by the Java Runtime Environment:
#
#  EXCEPTION_ACCESS_VIOLATION (0xc0000005) at pc=0x00008a2c, pid=8692, tid=10152
#
# JRE version: Java(TM) SE Runtime Environment (8.0_66-b17) (build 1.8.0_66-b17)
# Java VM: Java HotSpot(TM) Client VM (25.66-b17 mixed mode windows-x86 )
# Problematic frame:
# C  0x00008a2c
#
# Failed to write core dump. Minidumps are not enabled by default on client versions of Windows
#
# If you would like to submit a bug report, please visit:
#   http://bugreport.java.com/bugreport/crash.jsp
# The crash happened outside the Java Virtual Machine in native code.
# See problematic frame for where to report the bug.
#

---------------  T H R E A D  ---------------

Current thread (0x25ed6400):  JavaThread "cc.arduino.packages.discoverers.serial.SerialBoardsLister" [_thread_in_native, id=10152, stack(0x26bb0000,0x26c00000)]

siginfo: ExceptionCode=0xc0000005, ExceptionInformation=0x00000008 0x00008a2c

Registers:
EAX=0x00f39168, EBX=0x00000000, ECX=0x51ce18d3, EDX=0x26bfea26
ESP=0x26bfea60, EBP=0x0000006d, ESI=0x00000302, EDI=0x26bfeb90
EIP=0x00008a2c, EFLAGS=0x00010206

Top of Stack: (sp=0x26bfea60)
0x26bfea60:   0000071c 00220410 26bfea85 0000010b
0x26bfea70:   26bfea85 0000010b 26bfea80 00000000
0x26bfea80:   00000042 000003a2 02068000 ff000003
0x26bfea90:   4c033600 67006f00 74006900 63006500
0x26bfeaa0:   20006800 53005500 20004200 70004f00
0x26bfeab0:   69007400 61006300 20006c00 6f004d00
0x26bfeac0:   73007500 00006500 00000000 00000000
0x26bfead0:   00000000 00000000 00000000 00000000 

Instructions: (pc=0x00008a2c)
0x00008a0c:   
[error occurred during error reporting (printing registers, top of stack, instructions near pc), id 0xc0000005]

Register to memory mapping:

EAX=0x00f39168 is an unknown value
EBX=0x00000000 is an unknown value
ECX=0x51ce18d3 is an unknown value
EDX=0x26bfea26 is pointing into the stack for thread: 0x25ed6400
ESP=0x26bfea60 is pointing into the stack for thread: 0x25ed6400
EBP=0x0000006d is an unknown value
ESI=0x00000302 is an unknown value
EDI=0x26bfeb90 is pointing into the stack for thread: 0x25ed6400


Stack: [0x26bb0000,0x26c00000],  sp=0x26bfea60,  free space=314k
Native frames: (J=compiled Java code, j=interpreted, Vv=VM code, C=native code)
C  0x00008a2c

Java frames: (J=compiled Java code, j=interpreted, Vv=VM code)
j  processing.app.Platform.resolveDeviceAttachedToNative(Ljava/lang/String;)Ljava/lang/String;+0
j  processing.app.Platform.resolveDeviceByVendorIdProductId(Ljava/lang/String;Ljava/util/Map;)Ljava/util/Map;+2
j  cc.arduino.packages.discoverers.serial.SerialBoardsLister.retriggerDiscovery(Z)V+309
j  cc.arduino.packages.discoverers.serial.SerialBoardsLister.run()V+9
j  java.util.TimerThread.mainLoop()V+221
j  java.util.TimerThread.run()V+1
v  ~StubRoutines::call_stub

---------------  P R O C E S S  ---------------

Java Threads: ( => current thread )
  0x26003000 JavaThread "Image Fetcher 3" daemon [_thread_blocked, id=7272, stack(0x28790000,0x287e0000)]
  0x26002800 JavaThread "Batik CleanerThread" daemon [_thread_blocked, id=6944, stack(0x28600000,0x28650000)]
  0x26002400 JavaThread "AWT-EventQueue-0" [_thread_blocked, id=844, stack(0x28400000,0x28450000)]
  0x26005400 JavaThread "JmDNS(Jawad.local.).Timer" daemon [_thread_blocked, id=6596, stack(0x27670000,0x276c0000)]
  0x26001c00 JavaThread "JmDNS(Jawad.local.).State.Timer" [_thread_blocked, id=8944, stack(0x275e0000,0x27630000)]
  0x26004800 JavaThread "JmDNS(Jawad.local.).Timer" daemon [_thread_blocked, id=7796, stack(0x27550000,0x275a0000)]
  0x26004000 JavaThread "SocketListener(Jawad.local.)" daemon [_thread_in_native, id=5800, stack(0x274c0000,0x27510000)]
  0x26003c00 JavaThread "JmDNS(Jawad.local.).Timer" daemon [_thread_blocked, id=9704, stack(0x27280000,0x272d0000)]
  0x25ffe400 JavaThread "JmDNS(Jawad.local.).State.Timer" [_thread_blocked, id=5868, stack(0x271f0000,0x27240000)]
  0x25fed400 JavaThread "JmDNS(Jawad.local.).Timer" daemon [_thread_blocked, id=8988, stack(0x27160000,0x271b0000)]
  0x25ff0800 JavaThread "SocketListener(Jawad.local.)" daemon [_thread_in_native, id=8120, stack(0x270d0000,0x27120000)]
  0x25ed8000 JavaThread "cc.arduino.packages.discoverers.network.BoardReachabilityFilter" [_thread_blocked, id=9772, stack(0x26cd0000,0x26d20000)]
  0x25f13800 JavaThread "cc.arduino.packages.discoverers.network.NetworkChecker" [_thread_blocked, id=6708, stack(0x26c40000,0x26c90000)]
=>0x25ed6400 JavaThread "cc.arduino.packages.discoverers.serial.SerialBoardsLister" [_thread_in_native, id=10152, stack(0x26bb0000,0x26c00000)]
  0x25e96000 JavaThread "AWT-Windows" daemon [_thread_in_native, id=8104, stack(0x263a0000,0x263f0000)]
  0x25e95800 JavaThread "AWT-Shutdown" [_thread_blocked, id=6176, stack(0x26310000,0x26360000)]
  0x25e95000 JavaThread "Java2D Disposer" daemon [_thread_blocked, id=2444, stack(0x26280000,0x262d0000)]
  0x258ff800 JavaThread "Service Thread" daemon [_thread_blocked, id=8316, stack(0x25c80000,0x25cd0000)]
  0x258fa000 JavaThread "C1 CompilerThread0" daemon [_thread_blocked, id=700, stack(0x25bf0000,0x25c40000)]
  0x25909400 JavaThread "Attach Listener" daemon [_thread_blocked, id=10100, stack(0x25b60000,0x25bb0000)]
  0x25907400 JavaThread "Signal Dispatcher" daemon [_thread_blocked, id=4740, stack(0x25ad0000,0x25b20000)]
  0x258d8000 JavaThread "Finalizer" daemon [_thread_blocked, id=1364, stack(0x253f0000,0x25440000)]
  0x258d3400 JavaThread "Reference Handler" daemon [_thread_blocked, id=7396, stack(0x04da0000,0x04df0000)]
  0x02c8d800 JavaThread "main" [_thread_in_vm, id=9540, stack(0x02990000,0x029e0000)]

Other Threads:
  0x0107d000 VMThread [stack: 0x02be0000,0x02c30000] [id=9548]
  0x2592f400 WatcherThread [stack: 0x25d10000,0x25d60000] [id=708]

VM state:not at safepoint (normal execution)

VM Mutex/Monitor currently owned by a thread: None

Heap:
 def new generation   total 39424K, used 13944K [0x04e00000, 0x078c0000, 0x0f8a0000)
  eden space 35072K,  39% used [0x04e00000, 0x05b9e0e8, 0x07040000)
  from space 4352K,   0% used [0x07040000, 0x07040000, 0x07480000)
  to   space 4352K,   0% used [0x07480000, 0x07480000, 0x078c0000)
 tenured generation   total 87424K, used 10969K [0x0f8a0000, 0x14e00000, 0x24e00000)
   the space 87424K,  12% used [0x0f8a0000, 0x103565c0, 0x10356600, 0x14e00000)
 Metaspace       used 14141K, capacity 14515K, committed 14592K, reserved 14720K

Card table byte_map: [0x04c90000,0x04da0000] byte_map_base: 0x04c69000

Polling page: 0x00f00000

CodeCache: size=32768Kb used=1883Kb max_used=1883Kb free=30884Kb
 bounds [0x02c90000, 0x02e68000, 0x04c90000]
 total_blobs=1205 nmethods=957 adapters=178
 compilation: enabled

Compilation events (10 events):
Event: 1.169 Thread 0x258fa000  954             java.security.CodeSource::hashCode (17 bytes)
Event: 1.169 Thread 0x258fa000 nmethod 954 0x02e62dc8 code [0x02e62ed0, 0x02e6314c]
Event: 1.171 Thread 0x258fa000  955             java.lang.ClassNotFoundException::<init> (7 bytes)
Event: 1.171 Thread 0x258fa000 nmethod 955 0x02e63248 code [0x02e63340, 0x02e633dc]
Event: 1.171 Thread 0x258fa000  956             java.lang.ReflectiveOperationException::<init> (7 bytes)
Event: 1.171 Thread 0x258fa000 nmethod 956 0x02e63488 code [0x02e63580, 0x02e6361c]
Event: 1.171 Thread 0x258fa000  957             java.lang.Exception::<init> (7 bytes)
Event: 1.171 Thread 0x258fa000 nmethod 957 0x02e63688 code [0x02e63780, 0x02e6381c]
Event: 1.171 Thread 0x258fa000  958             java.lang.Throwable::<init> (39 bytes)
Event: 1.171 Thread 0x258fa000 nmethod 958 0x02e63888 code [0x02e63990, 0x02e63a8c]

GC Heap History (6 events):
Event: 0.430 GC heap before
{Heap before GC invocations=0 (full 0):
 def new generation   total 39296K, used 34944K [0x04e00000, 0x078a0000, 0x0f8a0000)
  eden space 34944K, 100% used [0x04e00000, 0x07020000, 0x07020000)
  from space 4352K,   0% used [0x07020000, 0x07020000, 0x07460000)
  to   space 4352K,   0% used [0x07460000, 0x07460000, 0x078a0000)
 tenured generation   total 87424K, used 0K [0x0f8a0000, 0x14e00000, 0x24e00000)
   the space 87424K,   0% used [0x0f8a0000, 0x0f8a0000, 0x0f8a0200, 0x14e00000)
 Metaspace       used 8163K, capacity 8338K, committed 8448K, reserved 8576K
Event: 0.440 GC heap after
Heap after GC invocations=1 (full 0):
 def new generation   total 39296K, used 4352K [0x04e00000, 0x078a0000, 0x0f8a0000)
  eden space 34944K,   0% used [0x04e00000, 0x04e00000, 0x07020000)
  from space 4352K, 100% used [0x07460000, 0x078a0000, 0x078a0000)
  to   space 4352K,   0% used [0x07020000, 0x07020000, 0x07460000)
 tenured generation   total 87424K, used 1726K [0x0f8a0000, 0x14e00000, 0x24e00000)
   the space 87424K,   1% used [0x0f8a0000, 0x0fa4fb48, 0x0fa4fc00, 0x14e00000)
 Metaspace       used 8163K, capacity 8338K, committed 8448K, reserved 8576K
}
Event: 0.790 GC heap before
{Heap before GC invocations=1 (full 0):
 def new generation   total 39296K, used 39296K [0x04e00000, 0x078a0000, 0x0f8a0000)
  eden space 34944K, 100% used [0x04e00000, 0x07020000, 0x07020000)
  from space 4352K, 100% used [0x07460000, 0x078a0000, 0x078a0000)
  to   space 4352K,   0% used [0x07020000, 0x07020000, 0x07460000)
 tenured generation   total 87424K, used 1726K [0x0f8a0000, 0x14e00000, 0x24e00000)
   the space 87424K,   1% used [0x0f8a0000, 0x0fa4fb48, 0x0fa4fc00, 0x14e00000)
 Metaspace       used 11539K, capacity 11857K, committed 11904K, reserved 12672K
Event: 0.803 GC heap after
Heap after GC invocations=2 (full 0):
 def new generation   total 39296K, used 4352K [0x04e00000, 0x078a0000, 0x0f8a0000)
  eden space 34944K,   0% used [0x04e00000, 0x04e00000, 0x07020000)
  from space 4352K, 100% used [0x07020000, 0x07460000, 0x07460000)
  to   space 4352K,   0% used [0x07460000, 0x07460000, 0x078a0000)
 tenured generation   total 87424K, used 8685K [0x0f8a0000, 0x14e00000, 0x24e00000)
   the space 87424K,   9% used [0x0f8a0000, 0x1011b6d8, 0x1011b800, 0x14e00000)
 Metaspace       used 11539K, capacity 11857K, committed 11904K, reserved 12672K
}
Event: 0.983 GC heap before
{Heap before GC invocations=2 (full 0):
 def new generation   total 39296K, used 12920K [0x04e00000, 0x078a0000, 0x0f8a0000)
  eden space 34944K,  24% used [0x04e00000, 0x0565e3c8, 0x07020000)
  from space 4352K, 100% used [0x07020000, 0x07460000, 0x07460000)
  to   space 4352K,   0% used [0x07460000, 0x07460000, 0x078a0000)
 tenured generation   total 87424K, used 8685K [0x0f8a0000, 0x14e00000, 0x24e00000)
   the space 87424K,   9% used [0x0f8a0000, 0x1011b6d8, 0x1011b800, 0x14e00000)
 Metaspace       used 11941K, capacity 12261K, committed 12288K, reserved 12672K
Event: 1.001 GC heap after
Heap after GC invocations=3 (full 1):
 def new generation   total 39424K, used 0K [0x04e00000, 0x078c0000, 0x0f8a0000)
  eden space 35072K,   0% used [0x04e00000, 0x04e00000, 0x07040000)
  from space 4352K,   0% used [0x07040000, 0x07040000, 0x07480000)
  to   space 4352K,   0% used [0x07480000, 0x07480000, 0x078c0000)
 tenured generation   total 87424K, used 10969K [0x0f8a0000, 0x14e00000, 0x24e00000)
   the space 87424K,  12% used [0x0f8a0000, 0x103565c0, 0x10356600, 0x14e00000)
 Metaspace       used 11941K, capacity 12261K, committed 12288K, reserved 12672K
}

Deoptimization events (0 events):
No events

Internal exceptions (10 events):
Event: 0.782 Thread 0x02c8d800 Exception <a 'sun/nio/fs/WindowsException'> (0x06f9c5e0) thrown at [C:\re\workspace\8-2-build-windows-i586-cygwin\jdk8u66\4988\hotspot\src\share\vm\prims\jni.cpp, line 709]
Event: 0.782 Thread 0x02c8d800 Exception <a 'sun/nio/fs/WindowsException'> (0x06f9ccf0) thrown at [C:\re\workspace\8-2-build-windows-i586-cygwin\jdk8u66\4988\hotspot\src\share\vm\prims\jni.cpp, line 709]
Event: 0.783 Thread 0x02c8d800 Exception <a 'sun/nio/fs/WindowsException'> (0x06fa69f8) thrown at [C:\re\workspace\8-2-build-windows-i586-cygwin\jdk8u66\4988\hotspot\src\share\vm\prims\jni.cpp, line 709]
Event: 0.783 Thread 0x02c8d800 Exception <a 'sun/nio/fs/WindowsException'> (0x06fa70e0) thrown at [C:\re\workspace\8-2-build-windows-i586-cygwin\jdk8u66\4988\hotspot\src\share\vm\prims\jni.cpp, line 709]
Event: 0.783 Thread 0x02c8d800 Exception <a 'sun/nio/fs/WindowsException'> (0x06fb1760) thrown at [C:\re\workspace\8-2-build-windows-i586-cygwin\jdk8u66\4988\hotspot\src\share\vm\prims\jni.cpp, line 709]
Event: 0.783 Thread 0x02c8d800 Exception <a 'sun/nio/fs/WindowsException'> (0x06fb1ec0) thrown at [C:\re\workspace\8-2-build-windows-i586-cygwin\jdk8u66\4988\hotspot\src\share\vm\prims\jni.cpp, line 709]
Event: 0.784 Thread 0x02c8d800 Exception <a 'sun/nio/fs/WindowsException'> (0x06fbc210) thrown at [C:\re\workspace\8-2-build-windows-i586-cygwin\jdk8u66\4988\hotspot\src\share\vm\prims\jni.cpp, line 709]
Event: 0.784 Thread 0x02c8d800 Exception <a 'sun/nio/fs/WindowsException'> (0x06fbc8f8) thrown at [C:\re\workspace\8-2-build-windows-i586-cygwin\jdk8u66\4988\hotspot\src\share\vm\prims\jni.cpp, line 709]
Event: 0.784 Thread 0x02c8d800 Exception <a 'sun/nio/fs/WindowsException'> (0x06fc69c8) thrown at [C:\re\workspace\8-2-build-windows-i586-cygwin\jdk8u66\4988\hotspot\src\share\vm\prims\jni.cpp, line 709]
Event: 0.784 Thread 0x02c8d800 Exception <a 'sun/nio/fs/WindowsException'> (0x06fc70c0) thrown at [C:\re\workspace\8-2-build-windows-i586-cygwin\jdk8u66\4988\hotspot\src\share\vm\prims\jni.cpp, line 709]

Events (10 events):
Event: 1.171 loading class org/apache/batik/css/engine/value/AbstractValueFactory
Event: 1.171 loading class org/apache/batik/css/engine/value/AbstractValueFactory done
Event: 1.171 loading class org/apache/batik/css/engine/value/StringMap
Event: 1.171 loading class org/apache/batik/css/engine/value/StringMap done
Event: 1.171 loading class org/apache/batik/css/engine/value/StringMap$Entry
Event: 1.171 loading class org/apache/batik/css/engine/value/StringMap$Entry done
Event: 1.171 loading class org/apache/batik/css/engine/value/svg/SVGValueConstants
Event: 1.171 loading class org/apache/batik/css/engine/value/svg/SVGValueConstants done
Event: 1.172 loading class org/apache/batik/css/engine/value/ValueConstants
Event: 1.172 loading class org/apache/batik/css/engine/value/ValueConstants done


Dynamic libraries:
0x00f40000 - 0x00f73000 	C:\Program Files (x86)\Arduino\java\bin\javaw.exe
0x77230000 - 0x773ab000 	C:\WINDOWS\SYSTEM32\ntdll.dll
0x76e80000 - 0x76f60000 	C:\WINDOWS\SYSTEM32\KERNEL32.DLL
0x74dd0000 - 0x74f4e000 	C:\WINDOWS\SYSTEM32\KERNELBASE.dll
0x76ac0000 - 0x76b3b000 	C:\WINDOWS\SYSTEM32\ADVAPI32.dll
0x76b40000 - 0x76bfe000 	C:\WINDOWS\SYSTEM32\msvcrt.dll
0x74a80000 - 0x74ac4000 	C:\WINDOWS\SYSTEM32\sechost.dll
0x74bf0000 - 0x74c9d000 	C:\WINDOWS\SYSTEM32\RPCRT4.dll
0x73f40000 - 0x73f5e000 	C:\WINDOWS\SYSTEM32\SspiCli.dll
0x73f30000 - 0x73f3a000 	C:\WINDOWS\SYSTEM32\CRYPTBASE.dll
0x76da0000 - 0x76df8000 	C:\WINDOWS\SYSTEM32\bcryptPrimitives.dll
0x745f0000 - 0x74737000 	C:\WINDOWS\SYSTEM32\USER32.dll
0x76f80000 - 0x770cf000 	C:\WINDOWS\SYSTEM32\GDI32.dll
0x6d210000 - 0x6d41f000 	C:\WINDOWS\WinSxS\x86_microsoft.windows.common-controls_6595b64144ccf1df_6.0.10586.494_none_ea85e725b9ba5a4b\COMCTL32.dll
0x754f0000 - 0x756ad000 	C:\WINDOWS\SYSTEM32\combase.dll
0x76c00000 - 0x76c2b000 	C:\WINDOWS\SYSTEM32\IMM32.DLL
0x5c3a0000 - 0x5c45f000 	C:\Program Files (x86)\Arduino\java\bin\msvcr100.dll
0x586f0000 - 0x58ab5000 	C:\Program Files (x86)\Arduino\java\bin\client\jvm.dll
0x76e70000 - 0x76e76000 	C:\WINDOWS\SYSTEM32\PSAPI.DLL
0x6f710000 - 0x6f718000 	C:\WINDOWS\SYSTEM32\WSOCK32.dll
0x6fde0000 - 0x6fe04000 	C:\WINDOWS\SYSTEM32\WINMM.dll
0x73ce0000 - 0x73ce8000 	C:\WINDOWS\SYSTEM32\VERSION.dll
0x747a0000 - 0x747ff000 	C:\WINDOWS\SYSTEM32\WS2_32.dll
0x6fdb0000 - 0x6fdd3000 	C:\WINDOWS\SYSTEM32\WINMMBASE.dll
0x74f50000 - 0x74f87000 	C:\WINDOWS\SYSTEM32\cfgmgr32.dll
0x586b0000 - 0x586e1000 	C:\Program Files (x86)\Arduino\java\bin\splashscreen.dll
0x6fe90000 - 0x6ff05000 	C:\WINDOWS\system32\uxtheme.dll
0x5cce0000 - 0x5ccec000 	C:\Program Files (x86)\Arduino\java\bin\verify.dll
0x58680000 - 0x586a1000 	C:\Program Files (x86)\Arduino\java\bin\java.dll
0x76c80000 - 0x76d9f000 	C:\WINDOWS\SYSTEM32\MSCTF.dll
0x58660000 - 0x58673000 	C:\Program Files (x86)\Arduino\java\bin\zip.dll
0x74be0000 - 0x74bec000 	C:\WINDOWS\SYSTEM32\kernel.appcore.dll
0x756b0000 - 0x76aae000 	C:\WINDOWS\SYSTEM32\SHELL32.dll
0x74ff0000 - 0x754ea000 	C:\WINDOWS\SYSTEM32\windows.storage.dll
0x74990000 - 0x749d5000 	C:\WINDOWS\SYSTEM32\shlwapi.dll
0x74d40000 - 0x74dcd000 	C:\WINDOWS\SYSTEM32\shcore.dll
0x76c30000 - 0x76c74000 	C:\WINDOWS\SYSTEM32\powrprof.dll
0x74ad0000 - 0x74adf000 	C:\WINDOWS\SYSTEM32\profapi.dll
0x58510000 - 0x58655000 	C:\Program Files (x86)\Arduino\java\bin\awt.dll
0x74ca0000 - 0x74d32000 	C:\WINDOWS\SYSTEM32\OLEAUT32.dll
0x738b0000 - 0x73942000 	C:\WINDOWS\system32\apphelp.dll
0x6b540000 - 0x6b55d000 	C:\WINDOWS\system32\dwmapi.dll
0x770d0000 - 0x771bb000 	C:\WINDOWS\SYSTEM32\ole32.dll
0x584f0000 - 0x58506000 	C:\Program Files (x86)\Arduino\java\bin\net.dll
0x6f840000 - 0x6f88f000 	C:\WINDOWS\system32\mswsock.dll
0x6ff10000 - 0x6ff3f000 	C:\WINDOWS\SYSTEM32\IPHLPAPI.DLL
0x76ab0000 - 0x76ab7000 	C:\WINDOWS\SYSTEM32\NSI.dll
0x6d6e0000 - 0x6d6f3000 	C:\WINDOWS\SYSTEM32\dhcpcsvc6.DLL
0x61940000 - 0x61976000 	C:\Program Files (x86)\Arduino\lib\listSerialsj.dll
0x73f60000 - 0x7436b000 	C:\WINDOWS\SYSTEM32\SETUPAPI.dll
0x6d6c0000 - 0x6d6d4000 	C:\WINDOWS\SYSTEM32\dhcpcsvc.DLL
0x714e0000 - 0x714f3000 	C:\WINDOWS\SYSTEM32\CRYPTSP.dll
0x714b0000 - 0x714df000 	C:\WINDOWS\system32\rsaenh.dll
0x730a0000 - 0x730bb000 	C:\WINDOWS\SYSTEM32\bcrypt.dll
0x73890000 - 0x738a9000 	C:\WINDOWS\SYSTEM32\USERENV.dll
0x584e0000 - 0x584ef000 	C:\Program Files (x86)\Arduino\java\bin\nio.dll
0x6f7b0000 - 0x6f834000 	C:\WINDOWS\SYSTEM32\DNSAPI.dll
0x6f780000 - 0x6f7a1000 	C:\Program Files (x86)\Bonjour\mdnsNSP.dll
0x26f20000 - 0x26f5d000 	C:\Users\tanan\AppData\Local\Temp\jna--881030509\jna7918845003217814636.dll
0x6f770000 - 0x6f778000 	C:\Windows\System32\rasadhlp.dll
0x6f720000 - 0x6f767000 	C:\WINDOWS\System32\fwpuclnt.dll
0x584a0000 - 0x584d9000 	C:\Program Files (x86)\Arduino\java\bin\fontmanager.dll
0x58470000 - 0x584a0000 	C:\Program Files (x86)\Arduino\java\bin\t2k.dll
0x58400000 - 0x58469000 	C:\Program Files (x86)\Arduino\msvcp100.dll
0x58340000 - 0x583fe000 	C:\Program Files (x86)\Arduino\msvcr100.dll
0x28450000 - 0x28482000 	C:\Program Files (x86)\Arduino\lib\AStylej.dll
0x6f890000 - 0x6f8b2000 	C:\WINDOWS\SYSTEM32\DEVOBJ.dll
0x771c0000 - 0x77202000 	C:\WINDOWS\SYSTEM32\WINTRUST.dll
0x76e00000 - 0x76e0e000 	C:\WINDOWS\SYSTEM32\MSASN1.dll
0x74800000 - 0x74979000 	C:\WINDOWS\SYSTEM32\CRYPT32.dll
0x6f8f0000 - 0x6fa2f000 	C:\WINDOWS\SYSTEM32\dbghelp.dll

VM Arguments:
jvm_args: -Dsun.java2d.d3d=false -DAPP_DIR=C:\Program Files (x86)\Arduino -Xms128M -Xmx512M 
java_command: processing.app.Base C:\Users\tanan\Documents\Arduino\Alarm_Project\Alarm_Project.ino
java_class_path (initial): C:\Program Files (x86)\Arduino\lib\apple.jar;C:\Program Files (x86)\Arduino\lib\arduino-core.jar;C:\Program Files (x86)\Arduino\lib\batik-1.8.jar;C:\Program Files (x86)\Arduino\lib\batik-anim-1.8.jar;C:\Program Files (x86)\Arduino\lib\batik-awt-util-1.8.jar;C:\Program Files (x86)\Arduino\lib\batik-bridge-1.8.jar;C:\Program Files (x86)\Arduino\lib\batik-codec-1.8.jar;C:\Program Files (x86)\Arduino\lib\batik-css-1.8.jar;C:\Program Files (x86)\Arduino\lib\batik-dom-1.8.jar;C:\Program Files (x86)\Arduino\lib\batik-ext-1.8.jar;C:\Program Files (x86)\Arduino\lib\batik-gvt-1.8.jar;C:\Program Files (x86)\Arduino\lib\batik-parser-1.8.jar;C:\Program Files (x86)\Arduino\lib\batik-rasterizer-1.8.jar;C:\Program Files (x86)\Arduino\lib\batik-script-1.8.jar;C:\Program Files (x86)\Arduino\lib\batik-squiggle-1.8.jar;C:\Program Files (x86)\Arduino\lib\batik-svg-dom-1.8.jar;C:\Program Files (x86)\Arduino\lib\batik-svgpp-1.8.jar;C:\Program Files (x86)\Arduino\lib\batik-transcoder-1.8.jar;C:\Program Files (x86)\Arduino\lib\batik-util-1.8.jar;C:\Program Files (x86)\Arduino\lib\batik-xml-1.8.jar;C:\Program Files (x86)\Arduino\lib\bcpg-jdk15on-152.jar;C:\Program Files (x86)\Arduino\lib\bcprov-jdk15on-152.jar;C:\Program Files (x86)\Arduino\lib\commons-codec-1.7.jar;C:\Program Files (x86)\Arduino\lib\commons-compress-1.8.jar;C:\Program Files (x86)\Arduino\lib\commons-exec-1.1.jar;C:\Program Files (x86)\Arduino\lib\commons-httpclient-3.1.jar;C:\Program Files (x86)\Arduino\lib\commons-lang3-3.3.2.jar;C:\Program Files (x86)\Arduino\lib\commons-logging-1.0.4.jar;C:\Program Files (x86)\Arduino\lib\commons-net-3.3.jar;C:\Program Files (x86)\Arduino\lib\jackson-annotations-2.6.3.jar;C:\Program Files (x86)\Arduino\lib\jackson-core-2.6.3.jar;C:\Program Files (x86)\Arduino\lib\jackson-databind-2.6.3.jar;C:\Program Files (x86)\Arduino\lib\jackson-module-mrbean-2.6.3.jar;C:\Program Files (x86)\Arduino\lib\java-semver-0.8.0.jar;C:\Program Files (x86)\Arduino\lib\jmdns-3.4.1.j
Launcher Type: SUN_STANDARD

Environment Variables:
PATH=C:\ProgramData\Oracle\Java\javapath;C:\Program Files (x86)\Intel\iCLS Client\;C:\Program Files\Intel\iCLS Client\;C:\WINDOWS\system32;C:\WINDOWS;C:\WINDOWS\System32\Wbem;C:\WINDOWS\System32\WindowsPowerShell\v1.0\;C:\Program Files\Intel\Intel(R) Management Engine Components\DAL;C:\Program Files (x86)\Intel\Intel(R) Management Engine Components\DAL;C:\Program Files\Intel\Intel(R) Management Engine Components\IPT;C:\Program Files (x86)\Intel\Intel(R) Management Engine Components\IPT;C:\Program Files (x86)\ATI Technologies\ATI.ACE\Core-Static;C:\Program Files (x86)\QuickTime\QTSystem\;C:\Program Files (x86)\Windows Live\Shared;C:\Program Files (x86)\Skype\Phone\;C:\Users\Consulting\Desktop\coding\Nodejs\; C:\Python34\;C:\Program Files (x86)\Arduino\java\bin
USERNAME=tanana
OS=Windows_NT
PROCESSOR_IDENTIFIER=Intel64 Family 6 Model 60 Stepping 3, GenuineIntel



---------------  S Y S T E M  ---------------

OS: Windows 10.0 , 64 bit Build 10586 (10.0.10586.0)

CPU:total 4 (4 cores per cpu, 1 threads per core) family 6 model 60 stepping 3, cmov, cx8, fxsr, mmx, sse, sse2, sse3, ssse3, sse4.1, sse4.2, popcnt, avx, avx2, aes, clmul, erms, lzcnt, tsc, tscinvbit, bmi1, bmi2

Memory: 4k page, physical 8250564k(5440604k free), swap 16639172k(13830484k free)

vm_info: Java HotSpot(TM) Client VM (25.66-b17) for windows-x86 JRE (1.8.0_66-b17), built on Oct  6 2015 19:59:47 by "java_re" with MS VC++ 10.0 (VS2010)

time: Tue Aug 23 18:27:46 2016
elapsed time: 1 seconds (0d 0h 0m 1s)

