#
# A fatal error has been detected by the Java Runtime Environment:
#
#  EXCEPTION_ACCESS_VIOLATION (0xc0000005) at pc=0x00008a2c, pid=7696, tid=7172
#
# JRE version: Java(TM) SE Runtime Environment (8.0_66-b17) (build 1.8.0_66-b17)
# Java VM: Java HotSpot(TM) Client VM (25.66-b17 mixed mode windows-x86 )
# Problematic frame:
# C  0x00008a2c
#
# Failed to write core dump. Minidumps are not enabled by default on client versions of Windows
#
# If you would like to submit a bug report, please visit:
#   http://bugreport.java.com/bugreport/crash.jsp
# The crash happened outside the Java Virtual Machine in native code.
# See problematic frame for where to report the bug.
#

---------------  T H R E A D  ---------------

Current thread (0x258b6000):  JavaThread "cc.arduino.packages.discoverers.serial.SerialBoardsLister" [_thread_in_native, id=7172, stack(0x26590000,0x265e0000)]

siginfo: ExceptionCode=0xc0000005, ExceptionInformation=0x00000008 0x00008a2c

Registers:
EAX=0x00a391b8, EBX=0x00000000, ECX=0xfb1f8ba8, EDX=0x265dec36
ESP=0x265dec70, EBP=0x0000006d, ESI=0x00000302, EDI=0x265deda0
EIP=0x00008a2c, EFLAGS=0x00010206

Top of Stack: (sp=0x265dec70)
0x265dec70:   00000718 00220410 265dec95 0000010b
0x265dec80:   265dec95 0000010b 265dec90 00000000
0x265dec90:   00000042 000003a2 02068000 ff000003
0x265deca0:   4c033600 67006f00 74006900 63006500
0x265decb0:   20006800 53005500 20004200 70004f00
0x265decc0:   69007400 61006300 20006c00 6f004d00
0x265decd0:   73007500 00006500 00000000 00000000
0x265dece0:   00000000 00000000 00000000 00000000 

Instructions: (pc=0x00008a2c)
0x00008a0c:   
[error occurred during error reporting (printing registers, top of stack, instructions near pc), id 0xc0000005]

Register to memory mapping:

EAX=0x00a391b8 is an unknown value
EBX=0x00000000 is an unknown value
ECX=0xfb1f8ba8 is an unknown value
EDX=0x265dec36 is pointing into the stack for thread: 0x258b6000
ESP=0x265dec70 is pointing into the stack for thread: 0x258b6000
EBP=0x0000006d is an unknown value
ESI=0x00000302 is an unknown value
EDI=0x265deda0 is pointing into the stack for thread: 0x258b6000


Stack: [0x26590000,0x265e0000],  sp=0x265dec70,  free space=315k
Native frames: (J=compiled Java code, j=interpreted, Vv=VM code, C=native code)
C  0x00008a2c

Java frames: (J=compiled Java code, j=interpreted, Vv=VM code)
j  processing.app.Platform.resolveDeviceAttachedToNative(Ljava/lang/String;)Ljava/lang/String;+0
j  processing.app.Platform.resolveDeviceByVendorIdProductId(Ljava/lang/String;Ljava/util/Map;)Ljava/util/Map;+2
j  cc.arduino.packages.discoverers.serial.SerialBoardsLister.retriggerDiscovery(Z)V+309
j  cc.arduino.packages.discoverers.serial.SerialBoardsLister.run()V+9
j  java.util.TimerThread.mainLoop()V+221
j  java.util.TimerThread.run()V+1
v  ~StubRoutines::call_stub

---------------  P R O C E S S  ---------------

Java Threads: ( => current thread )
  0x25a08800 JavaThread "Image Fetcher 3" daemon [_thread_blocked, id=4808, stack(0x28180000,0x281d0000)]
  0x25a08000 JavaThread "Batik CleanerThread" daemon [_thread_blocked, id=4044, stack(0x27ff0000,0x28040000)]
  0x25a07c00 JavaThread "AWT-EventQueue-0" [_thread_blocked, id=4088, stack(0x26d10000,0x26d60000)]
  0x25a09c00 JavaThread "JmDNS(Jawad.local.).Timer" daemon [_thread_blocked, id=4988, stack(0x27060000,0x270b0000)]
  0x25a09000 JavaThread "JmDNS(Jawad.local.).State.Timer" [_thread_blocked, id=6300, stack(0x26fd0000,0x27020000)]
  0x25a07400 JavaThread "JmDNS(Jawad.local.).Timer" daemon [_thread_blocked, id=6664, stack(0x26f40000,0x26f90000)]
  0x25a07000 JavaThread "SocketListener(Jawad.local.)" daemon [_thread_in_native, id=7624, stack(0x26eb0000,0x26f00000)]
  0x25a06400 JavaThread "JmDNS(Jawad.local.).Timer" daemon [_thread_blocked, id=7980, stack(0x26c80000,0x26cd0000)]
  0x259cf000 JavaThread "JmDNS(Jawad.local.).State.Timer" [_thread_blocked, id=5736, stack(0x26bf0000,0x26c40000)]
  0x259d4400 JavaThread "JmDNS(Jawad.local.).Timer" daemon [_thread_blocked, id=8836, stack(0x26b60000,0x26bb0000)]
  0x259d3c00 JavaThread "SocketListener(Jawad.local.)" daemon [_thread_in_native, id=2736, stack(0x26ad0000,0x26b20000)]
  0x25921c00 JavaThread "cc.arduino.packages.discoverers.network.BoardReachabilityFilter" [_thread_blocked, id=5348, stack(0x266b0000,0x26700000)]
  0x258fc000 JavaThread "cc.arduino.packages.discoverers.network.NetworkChecker" [_thread_blocked, id=4704, stack(0x26620000,0x26670000)]
=>0x258b6000 JavaThread "cc.arduino.packages.discoverers.serial.SerialBoardsLister" [_thread_in_native, id=7172, stack(0x26590000,0x265e0000)]
  0x25875c00 JavaThread "AWT-Windows" daemon [_thread_in_native, id=7436, stack(0x25d80000,0x25dd0000)]
  0x25875400 JavaThread "AWT-Shutdown" [_thread_blocked, id=9196, stack(0x25cf0000,0x25d40000)]
  0x25874c00 JavaThread "Java2D Disposer" daemon [_thread_blocked, id=8392, stack(0x25c60000,0x25cb0000)]
  0x250fec00 JavaThread "Service Thread" daemon [_thread_blocked, id=9908, stack(0x25660000,0x256b0000)]
  0x250ec400 JavaThread "C1 CompilerThread0" daemon [_thread_blocked, id=3812, stack(0x255d0000,0x25620000)]
  0x250eb000 JavaThread "Attach Listener" daemon [_thread_blocked, id=8852, stack(0x25540000,0x25590000)]
  0x250e9000 JavaThread "Signal Dispatcher" daemon [_thread_blocked, id=3264, stack(0x254b0000,0x25500000)]
  0x250b8000 JavaThread "Finalizer" daemon [_thread_blocked, id=6852, stack(0x25340000,0x25390000)]
  0x250b3400 JavaThread "Reference Handler" daemon [_thread_blocked, id=4212, stack(0x252b0000,0x25300000)]
  0x00a2d800 JavaThread "main" [_thread_in_vm, id=6372, stack(0x00da0000,0x00df0000)]

Other Threads:
  0x0247d000 VMThread [stack: 0x04610000,0x04660000] [id=9420]
  0x250e8000 WatcherThread [stack: 0x256f0000,0x25740000] [id=8200]

VM state:not at safepoint (normal execution)

VM Mutex/Monitor currently owned by a thread: None

Heap:
 def new generation   total 39424K, used 17300K [0x04800000, 0x072c0000, 0x0f2a0000)
  eden space 35072K,  49% used [0x04800000, 0x058e5358, 0x06a40000)
  from space 4352K,   0% used [0x06a40000, 0x06a40000, 0x06e80000)
  to   space 4352K,   0% used [0x06e80000, 0x06e80000, 0x072c0000)
 tenured generation   total 87424K, used 10967K [0x0f2a0000, 0x14800000, 0x24800000)
   the space 87424K,  12% used [0x0f2a0000, 0x0fd55ea0, 0x0fd56000, 0x14800000)
 Metaspace       used 14567K, capacity 14931K, committed 14976K, reserved 15744K

Card table byte_map: [0x24800000,0x24910000] byte_map_base: 0x247dc000

Polling page: 0x00890000

CodeCache: size=32768Kb used=1950Kb max_used=1950Kb free=30817Kb
 bounds [0x025d0000, 0x027b8000, 0x045d0000]
 total_blobs=1254 nmethods=997 adapters=187
 compilation: enabled

Compilation events (10 events):
Event: 1.155 Thread 0x250ec400  999             java.net.URL::equals (24 bytes)
Event: 1.155 Thread 0x250ec400 nmethod 999 0x027b4808 code [0x027b4910, 0x027b4a0c]
Event: 1.155 Thread 0x250ec400 1000             java.net.URLStreamHandler::equals (45 bytes)
Event: 1.156 Thread 0x250ec400 nmethod 1000 0x027b4ac8 code [0x027b4be0, 0x027b4d08]
Event: 1.156 Thread 0x250ec400 1001             java.net.URLStreamHandler::sameFile (136 bytes)
Event: 1.156 Thread 0x250ec400 nmethod 1001 0x027b4e08 code [0x027b4f30, 0x027b5104]
Event: 1.156 Thread 0x250ec400 1002             sun.net.www.protocol.file.Handler::hostsEqual (69 bytes)
Event: 1.156 Thread 0x250ec400 nmethod 1002 0x027b52c8 code [0x027b5400, 0x027b558c]
Event: 1.156 Thread 0x250ec400 1003             java.net.URLStreamHandler::hostsEqual (75 bytes)
Event: 1.156 Thread 0x250ec400 nmethod 1003 0x027b5708 code [0x027b5840, 0x027b59c0]

GC Heap History (6 events):
Event: 0.415 GC heap before
{Heap before GC invocations=0 (full 0):
 def new generation   total 39296K, used 34944K [0x04800000, 0x072a0000, 0x0f2a0000)
  eden space 34944K, 100% used [0x04800000, 0x06a20000, 0x06a20000)
  from space 4352K,   0% used [0x06a20000, 0x06a20000, 0x06e60000)
  to   space 4352K,   0% used [0x06e60000, 0x06e60000, 0x072a0000)
 tenured generation   total 87424K, used 0K [0x0f2a0000, 0x14800000, 0x24800000)
   the space 87424K,   0% used [0x0f2a0000, 0x0f2a0000, 0x0f2a0200, 0x14800000)
 Metaspace       used 8163K, capacity 8338K, committed 8448K, reserved 8576K
Event: 0.424 GC heap after
Heap after GC invocations=1 (full 0):
 def new generation   total 39296K, used 4352K [0x04800000, 0x072a0000, 0x0f2a0000)
  eden space 34944K,   0% used [0x04800000, 0x04800000, 0x06a20000)
  from space 4352K, 100% used [0x06e60000, 0x072a0000, 0x072a0000)
  to   space 4352K,   0% used [0x06a20000, 0x06a20000, 0x06e60000)
 tenured generation   total 87424K, used 1727K [0x0f2a0000, 0x14800000, 0x24800000)
   the space 87424K,   1% used [0x0f2a0000, 0x0f44fc78, 0x0f44fe00, 0x14800000)
 Metaspace       used 8163K, capacity 8338K, committed 8448K, reserved 8576K
}
Event: 0.769 GC heap before
{Heap before GC invocations=1 (full 0):
 def new generation   total 39296K, used 39296K [0x04800000, 0x072a0000, 0x0f2a0000)
  eden space 34944K, 100% used [0x04800000, 0x06a20000, 0x06a20000)
  from space 4352K, 100% used [0x06e60000, 0x072a0000, 0x072a0000)
  to   space 4352K,   0% used [0x06a20000, 0x06a20000, 0x06e60000)
 tenured generation   total 87424K, used 1727K [0x0f2a0000, 0x14800000, 0x24800000)
   the space 87424K,   1% used [0x0f2a0000, 0x0f44fc78, 0x0f44fe00, 0x14800000)
 Metaspace       used 11540K, capacity 11857K, committed 11904K, reserved 12672K
Event: 0.782 GC heap after
Heap after GC invocations=2 (full 0):
 def new generation   total 39296K, used 4352K [0x04800000, 0x072a0000, 0x0f2a0000)
  eden space 34944K,   0% used [0x04800000, 0x04800000, 0x06a20000)
  from space 4352K, 100% used [0x06a20000, 0x06e60000, 0x06e60000)
  to   space 4352K,   0% used [0x06e60000, 0x06e60000, 0x072a0000)
 tenured generation   total 87424K, used 8666K [0x0f2a0000, 0x14800000, 0x24800000)
   the space 87424K,   9% used [0x0f2a0000, 0x0fb169b0, 0x0fb16a00, 0x14800000)
 Metaspace       used 11540K, capacity 11857K, committed 11904K, reserved 12672K
}
Event: 0.958 GC heap before
{Heap before GC invocations=2 (full 0):
 def new generation   total 39296K, used 12376K [0x04800000, 0x072a0000, 0x0f2a0000)
  eden space 34944K,  22% used [0x04800000, 0x04fd62f8, 0x06a20000)
  from space 4352K, 100% used [0x06a20000, 0x06e60000, 0x06e60000)
  to   space 4352K,   0% used [0x06e60000, 0x06e60000, 0x072a0000)
 tenured generation   total 87424K, used 8666K [0x0f2a0000, 0x14800000, 0x24800000)
   the space 87424K,   9% used [0x0f2a0000, 0x0fb169b0, 0x0fb16a00, 0x14800000)
 Metaspace       used 11940K, capacity 12261K, committed 12288K, reserved 12672K
Event: 0.976 GC heap after
Heap after GC invocations=3 (full 1):
 def new generation   total 39424K, used 0K [0x04800000, 0x072c0000, 0x0f2a0000)
  eden space 35072K,   0% used [0x04800000, 0x04800000, 0x06a40000)
  from space 4352K,   0% used [0x06a40000, 0x06a40000, 0x06e80000)
  to   space 4352K,   0% used [0x06e80000, 0x06e80000, 0x072c0000)
 tenured generation   total 87424K, used 10967K [0x0f2a0000, 0x14800000, 0x24800000)
   the space 87424K,  12% used [0x0f2a0000, 0x0fd55ea0, 0x0fd56000, 0x14800000)
 Metaspace       used 11940K, capacity 12261K, committed 12288K, reserved 12672K
}

Deoptimization events (0 events):
No events

Internal exceptions (10 events):
Event: 0.762 Thread 0x00a2d800 Exception <a 'sun/nio/fs/WindowsException'> (0x069999b0) thrown at [C:\re\workspace\8-2-build-windows-i586-cygwin\jdk8u66\4988\hotspot\src\share\vm\prims\jni.cpp, line 709]
Event: 0.762 Thread 0x00a2d800 Exception <a 'sun/nio/fs/WindowsException'> (0x0699a0c0) thrown at [C:\re\workspace\8-2-build-windows-i586-cygwin\jdk8u66\4988\hotspot\src\share\vm\prims\jni.cpp, line 709]
Event: 0.762 Thread 0x00a2d800 Exception <a 'sun/nio/fs/WindowsException'> (0x069a3dc8) thrown at [C:\re\workspace\8-2-build-windows-i586-cygwin\jdk8u66\4988\hotspot\src\share\vm\prims\jni.cpp, line 709]
Event: 0.762 Thread 0x00a2d800 Exception <a 'sun/nio/fs/WindowsException'> (0x069a44b0) thrown at [C:\re\workspace\8-2-build-windows-i586-cygwin\jdk8u66\4988\hotspot\src\share\vm\prims\jni.cpp, line 709]
Event: 0.763 Thread 0x00a2d800 Exception <a 'sun/nio/fs/WindowsException'> (0x069aeb30) thrown at [C:\re\workspace\8-2-build-windows-i586-cygwin\jdk8u66\4988\hotspot\src\share\vm\prims\jni.cpp, line 709]
Event: 0.763 Thread 0x00a2d800 Exception <a 'sun/nio/fs/WindowsException'> (0x069af290) thrown at [C:\re\workspace\8-2-build-windows-i586-cygwin\jdk8u66\4988\hotspot\src\share\vm\prims\jni.cpp, line 709]
Event: 0.763 Thread 0x00a2d800 Exception <a 'sun/nio/fs/WindowsException'> (0x069b95e0) thrown at [C:\re\workspace\8-2-build-windows-i586-cygwin\jdk8u66\4988\hotspot\src\share\vm\prims\jni.cpp, line 709]
Event: 0.763 Thread 0x00a2d800 Exception <a 'sun/nio/fs/WindowsException'> (0x069b9cc8) thrown at [C:\re\workspace\8-2-build-windows-i586-cygwin\jdk8u66\4988\hotspot\src\share\vm\prims\jni.cpp, line 709]
Event: 0.763 Thread 0x00a2d800 Exception <a 'sun/nio/fs/WindowsException'> (0x069c3d88) thrown at [C:\re\workspace\8-2-build-windows-i586-cygwin\jdk8u66\4988\hotspot\src\share\vm\prims\jni.cpp, line 709]
Event: 0.763 Thread 0x00a2d800 Exception <a 'sun/nio/fs/WindowsException'> (0x069c4480) thrown at [C:\re\workspace\8-2-build-windows-i586-cygwin\jdk8u66\4988\hotspot\src\share\vm\prims\jni.cpp, line 709]

Events (10 events):
Event: 1.170 loading class org/apache/batik/anim/dom/SVGOMAnimatedRect$BaseSVGRect$1
Event: 1.170 loading class org/apache/batik/anim/dom/SVGOMAnimatedRect$BaseSVGRect$1 done
Event: 1.170 loading class org/apache/batik/anim/dom/SVGOMAnimatedPreserveAspectRatio$AnimSVGPARValue
Event: 1.170 loading class org/apache/batik/anim/dom/SVGOMAnimatedPreserveAspectRatio$AnimSVGPARValue done
Event: 1.170 loading class org/apache/batik/dom/svg/AbstractSVGPreserveAspectRatio
Event: 1.170 loading class org/apache/batik/dom/svg/AbstractSVGPreserveAspectRatio done
Event: 1.170 loading class org/apache/batik/anim/dom/SVGOMAnimatedPreserveAspectRatio$BaseSVGPARValue
Event: 1.170 loading class org/apache/batik/anim/dom/SVGOMAnimatedPreserveAspectRatio$BaseSVGPARValue done
Event: 1.170 loading class org/apache/batik/dom/svg/AbstractSVGPreserveAspectRatio$PreserveAspectRatioParserHandler
Event: 1.170 loading class org/apache/batik/dom/svg/AbstractSVGPreserveAspectRatio$PreserveAspectRatioParserHandler done


Dynamic libraries:
0x00f40000 - 0x00f73000 	C:\Program Files (x86)\Arduino\java\bin\javaw.exe
0x77230000 - 0x773ab000 	C:\WINDOWS\SYSTEM32\ntdll.dll
0x76e80000 - 0x76f60000 	C:\WINDOWS\SYSTEM32\KERNEL32.DLL
0x74dd0000 - 0x74f4e000 	C:\WINDOWS\SYSTEM32\KERNELBASE.dll
0x76ac0000 - 0x76b3b000 	C:\WINDOWS\SYSTEM32\ADVAPI32.dll
0x76b40000 - 0x76bfe000 	C:\WINDOWS\SYSTEM32\msvcrt.dll
0x74a80000 - 0x74ac4000 	C:\WINDOWS\SYSTEM32\sechost.dll
0x74bf0000 - 0x74c9d000 	C:\WINDOWS\SYSTEM32\RPCRT4.dll
0x73f40000 - 0x73f5e000 	C:\WINDOWS\SYSTEM32\SspiCli.dll
0x73f30000 - 0x73f3a000 	C:\WINDOWS\SYSTEM32\CRYPTBASE.dll
0x76da0000 - 0x76df8000 	C:\WINDOWS\SYSTEM32\bcryptPrimitives.dll
0x745f0000 - 0x74737000 	C:\WINDOWS\SYSTEM32\USER32.dll
0x76f80000 - 0x770cf000 	C:\WINDOWS\SYSTEM32\GDI32.dll
0x6d210000 - 0x6d41f000 	C:\WINDOWS\WinSxS\x86_microsoft.windows.common-controls_6595b64144ccf1df_6.0.10586.494_none_ea85e725b9ba5a4b\COMCTL32.dll
0x754f0000 - 0x756ad000 	C:\WINDOWS\SYSTEM32\combase.dll
0x76c00000 - 0x76c2b000 	C:\WINDOWS\SYSTEM32\IMM32.DLL
0x5c3a0000 - 0x5c45f000 	C:\Program Files (x86)\Arduino\java\bin\msvcr100.dll
0x586f0000 - 0x58ab5000 	C:\Program Files (x86)\Arduino\java\bin\client\jvm.dll
0x76e70000 - 0x76e76000 	C:\WINDOWS\SYSTEM32\PSAPI.DLL
0x6f710000 - 0x6f718000 	C:\WINDOWS\SYSTEM32\WSOCK32.dll
0x6fde0000 - 0x6fe04000 	C:\WINDOWS\SYSTEM32\WINMM.dll
0x747a0000 - 0x747ff000 	C:\WINDOWS\SYSTEM32\WS2_32.dll
0x73ce0000 - 0x73ce8000 	C:\WINDOWS\SYSTEM32\VERSION.dll
0x6fdb0000 - 0x6fdd3000 	C:\WINDOWS\SYSTEM32\WINMMBASE.dll
0x74f50000 - 0x74f87000 	C:\WINDOWS\SYSTEM32\cfgmgr32.dll
0x586b0000 - 0x586e1000 	C:\Program Files (x86)\Arduino\java\bin\splashscreen.dll
0x6fe90000 - 0x6ff05000 	C:\WINDOWS\system32\uxtheme.dll
0x76c80000 - 0x76d9f000 	C:\WINDOWS\SYSTEM32\MSCTF.dll
0x5cce0000 - 0x5ccec000 	C:\Program Files (x86)\Arduino\java\bin\verify.dll
0x58680000 - 0x586a1000 	C:\Program Files (x86)\Arduino\java\bin\java.dll
0x58660000 - 0x58673000 	C:\Program Files (x86)\Arduino\java\bin\zip.dll
0x74be0000 - 0x74bec000 	C:\WINDOWS\SYSTEM32\kernel.appcore.dll
0x756b0000 - 0x76aae000 	C:\WINDOWS\SYSTEM32\SHELL32.dll
0x74ff0000 - 0x754ea000 	C:\WINDOWS\SYSTEM32\windows.storage.dll
0x74990000 - 0x749d5000 	C:\WINDOWS\SYSTEM32\shlwapi.dll
0x74d40000 - 0x74dcd000 	C:\WINDOWS\SYSTEM32\shcore.dll
0x76c30000 - 0x76c74000 	C:\WINDOWS\SYSTEM32\powrprof.dll
0x74ad0000 - 0x74adf000 	C:\WINDOWS\SYSTEM32\profapi.dll
0x58510000 - 0x58655000 	C:\Program Files (x86)\Arduino\java\bin\awt.dll
0x74ca0000 - 0x74d32000 	C:\WINDOWS\SYSTEM32\OLEAUT32.dll
0x738b0000 - 0x73942000 	C:\WINDOWS\system32\apphelp.dll
0x6b540000 - 0x6b55d000 	C:\WINDOWS\system32\dwmapi.dll
0x770d0000 - 0x771bb000 	C:\WINDOWS\SYSTEM32\ole32.dll
0x584f0000 - 0x58506000 	C:\Program Files (x86)\Arduino\java\bin\net.dll
0x6f840000 - 0x6f88f000 	C:\WINDOWS\system32\mswsock.dll
0x6ff10000 - 0x6ff3f000 	C:\WINDOWS\SYSTEM32\IPHLPAPI.DLL
0x76ab0000 - 0x76ab7000 	C:\WINDOWS\SYSTEM32\NSI.dll
0x6d6e0000 - 0x6d6f3000 	C:\WINDOWS\SYSTEM32\dhcpcsvc6.DLL
0x61940000 - 0x61976000 	C:\Program Files (x86)\Arduino\lib\listSerialsj.dll
0x73f60000 - 0x7436b000 	C:\WINDOWS\SYSTEM32\SETUPAPI.dll
0x6d6c0000 - 0x6d6d4000 	C:\WINDOWS\SYSTEM32\dhcpcsvc.DLL
0x714e0000 - 0x714f3000 	C:\WINDOWS\SYSTEM32\CRYPTSP.dll
0x714b0000 - 0x714df000 	C:\WINDOWS\system32\rsaenh.dll
0x730a0000 - 0x730bb000 	C:\WINDOWS\SYSTEM32\bcrypt.dll
0x73890000 - 0x738a9000 	C:\WINDOWS\SYSTEM32\USERENV.dll
0x584e0000 - 0x584ef000 	C:\Program Files (x86)\Arduino\java\bin\nio.dll
0x6f7b0000 - 0x6f834000 	C:\WINDOWS\SYSTEM32\DNSAPI.dll
0x6f780000 - 0x6f7a1000 	C:\Program Files (x86)\Bonjour\mdnsNSP.dll
0x26930000 - 0x2696d000 	C:\Users\tanan\AppData\Local\Temp\jna--881030509\jna6407067874508398980.dll
0x6f770000 - 0x6f778000 	C:\Windows\System32\rasadhlp.dll
0x6f720000 - 0x6f767000 	C:\WINDOWS\System32\fwpuclnt.dll
0x584a0000 - 0x584d9000 	C:\Program Files (x86)\Arduino\java\bin\fontmanager.dll
0x58470000 - 0x584a0000 	C:\Program Files (x86)\Arduino\java\bin\t2k.dll
0x58400000 - 0x58469000 	C:\Program Files (x86)\Arduino\msvcp100.dll
0x58340000 - 0x583fe000 	C:\Program Files (x86)\Arduino\msvcr100.dll
0x27e60000 - 0x27e92000 	C:\Program Files (x86)\Arduino\lib\AStylej.dll
0x6f890000 - 0x6f8b2000 	C:\WINDOWS\SYSTEM32\DEVOBJ.dll
0x771c0000 - 0x77202000 	C:\WINDOWS\SYSTEM32\WINTRUST.dll
0x76e00000 - 0x76e0e000 	C:\WINDOWS\SYSTEM32\MSASN1.dll
0x74800000 - 0x74979000 	C:\WINDOWS\SYSTEM32\CRYPT32.dll
0x6f8f0000 - 0x6fa2f000 	C:\WINDOWS\SYSTEM32\dbghelp.dll

VM Arguments:
jvm_args: -Dsun.java2d.d3d=false -DAPP_DIR=C:\Program Files (x86)\Arduino -Xms128M -Xmx512M 
java_command: processing.app.Base C:\Users\tanan\Documents\Arduino\RGB_LED_project_5\RGB_LED_project_5.ino
java_class_path (initial): C:\Program Files (x86)\Arduino\lib\apple.jar;C:\Program Files (x86)\Arduino\lib\arduino-core.jar;C:\Program Files (x86)\Arduino\lib\batik-1.8.jar;C:\Program Files (x86)\Arduino\lib\batik-anim-1.8.jar;C:\Program Files (x86)\Arduino\lib\batik-awt-util-1.8.jar;C:\Program Files (x86)\Arduino\lib\batik-bridge-1.8.jar;C:\Program Files (x86)\Arduino\lib\batik-codec-1.8.jar;C:\Program Files (x86)\Arduino\lib\batik-css-1.8.jar;C:\Program Files (x86)\Arduino\lib\batik-dom-1.8.jar;C:\Program Files (x86)\Arduino\lib\batik-ext-1.8.jar;C:\Program Files (x86)\Arduino\lib\batik-gvt-1.8.jar;C:\Program Files (x86)\Arduino\lib\batik-parser-1.8.jar;C:\Program Files (x86)\Arduino\lib\batik-rasterizer-1.8.jar;C:\Program Files (x86)\Arduino\lib\batik-script-1.8.jar;C:\Program Files (x86)\Arduino\lib\batik-squiggle-1.8.jar;C:\Program Files (x86)\Arduino\lib\batik-svg-dom-1.8.jar;C:\Program Files (x86)\Arduino\lib\batik-svgpp-1.8.jar;C:\Program Files (x86)\Arduino\lib\batik-transcoder-1.8.jar;C:\Program Files (x86)\Arduino\lib\batik-util-1.8.jar;C:\Program Files (x86)\Arduino\lib\batik-xml-1.8.jar;C:\Program Files (x86)\Arduino\lib\bcpg-jdk15on-152.jar;C:\Program Files (x86)\Arduino\lib\bcprov-jdk15on-152.jar;C:\Program Files (x86)\Arduino\lib\commons-codec-1.7.jar;C:\Program Files (x86)\Arduino\lib\commons-compress-1.8.jar;C:\Program Files (x86)\Arduino\lib\commons-exec-1.1.jar;C:\Program Files (x86)\Arduino\lib\commons-httpclient-3.1.jar;C:\Program Files (x86)\Arduino\lib\commons-lang3-3.3.2.jar;C:\Program Files (x86)\Arduino\lib\commons-logging-1.0.4.jar;C:\Program Files (x86)\Arduino\lib\commons-net-3.3.jar;C:\Program Files (x86)\Arduino\lib\jackson-annotations-2.6.3.jar;C:\Program Files (x86)\Arduino\lib\jackson-core-2.6.3.jar;C:\Program Files (x86)\Arduino\lib\jackson-databind-2.6.3.jar;C:\Program Files (x86)\Arduino\lib\jackson-module-mrbean-2.6.3.jar;C:\Program Files (x86)\Arduino\lib\java-semver-0.8.0.jar;C:\Program Files (x86)\Arduino\lib\jmdns-3.4.1.j
Launcher Type: SUN_STANDARD

Environment Variables:
PATH=C:\ProgramData\Oracle\Java\javapath;C:\Program Files (x86)\Intel\iCLS Client\;C:\Program Files\Intel\iCLS Client\;C:\WINDOWS\system32;C:\WINDOWS;C:\WINDOWS\System32\Wbem;C:\WINDOWS\System32\WindowsPowerShell\v1.0\;C:\Program Files\Intel\Intel(R) Management Engine Components\DAL;C:\Program Files (x86)\Intel\Intel(R) Management Engine Components\DAL;C:\Program Files\Intel\Intel(R) Management Engine Components\IPT;C:\Program Files (x86)\Intel\Intel(R) Management Engine Components\IPT;C:\Program Files (x86)\ATI Technologies\ATI.ACE\Core-Static;C:\Program Files (x86)\QuickTime\QTSystem\;C:\Program Files (x86)\Windows Live\Shared;C:\Program Files (x86)\Skype\Phone\;C:\Users\Consulting\Desktop\coding\Nodejs\; C:\Python34\;C:\Program Files (x86)\Arduino\java\bin
USERNAME=tanana
OS=Windows_NT
PROCESSOR_IDENTIFIER=Intel64 Family 6 Model 60 Stepping 3, GenuineIntel



---------------  S Y S T E M  ---------------

OS: Windows 10.0 , 64 bit Build 10586 (10.0.10586.0)

CPU:total 4 (4 cores per cpu, 1 threads per core) family 6 model 60 stepping 3, cmov, cx8, fxsr, mmx, sse, sse2, sse3, ssse3, sse4.1, sse4.2, popcnt, avx, avx2, aes, clmul, erms, lzcnt, tsc, tscinvbit, bmi1, bmi2

Memory: 4k page, physical 8250564k(5436848k free), swap 16639172k(13827104k free)

vm_info: Java HotSpot(TM) Client VM (25.66-b17) for windows-x86 JRE (1.8.0_66-b17), built on Oct  6 2015 19:59:47 by "java_re" with MS VC++ 10.0 (VS2010)

time: Tue Aug 23 18:27:53 2016
elapsed time: 1 seconds (0d 0h 0m 1s)

