#
# A fatal error has been detected by the Java Runtime Environment:
#
#  EXCEPTION_ACCESS_VIOLATION (0xc0000005) at pc=0x00008a2c, pid=10092, tid=9512
#
# JRE version: Java(TM) SE Runtime Environment (8.0_66-b17) (build 1.8.0_66-b17)
# Java VM: Java HotSpot(TM) Client VM (25.66-b17 mixed mode windows-x86 )
# Problematic frame:
# C  0x00008a2c
#
# Failed to write core dump. Minidumps are not enabled by default on client versions of Windows
#
# If you would like to submit a bug report, please visit:
#   http://bugreport.java.com/bugreport/crash.jsp
# The crash happened outside the Java Virtual Machine in native code.
# See problematic frame for where to report the bug.
#

---------------  T H R E A D  ---------------

Current thread (0x2569ac00):  JavaThread "cc.arduino.packages.discoverers.serial.SerialBoardsLister" [_thread_in_native, id=9512, stack(0x26370000,0x263c0000)]

siginfo: ExceptionCode=0xc0000005, ExceptionInformation=0x00000008 0x00008a2c

Registers:
EAX=0x00839168, EBX=0x00000000, ECX=0xccaf5a62, EDX=0x263be796
ESP=0x263be7d0, EBP=0x0000006d, ESI=0x00000302, EDI=0x263be900
EIP=0x00008a2c, EFLAGS=0x00010206

Top of Stack: (sp=0x263be7d0)
0x263be7d0:   0000071c 00220410 263be7f5 0000010b
0x263be7e0:   263be7f5 0000010b 263be7f0 00000000
0x263be7f0:   00000042 000003a2 02068000 ff000003
0x263be800:   4c033600 67006f00 74006900 63006500
0x263be810:   20006800 53005500 20004200 70004f00
0x263be820:   69007400 61006300 20006c00 6f004d00
0x263be830:   73007500 00006500 00000000 00000000
0x263be840:   00000000 00000000 00000000 00000000 

Instructions: (pc=0x00008a2c)
0x00008a0c:   
[error occurred during error reporting (printing registers, top of stack, instructions near pc), id 0xc0000005]

Register to memory mapping:

EAX=0x00839168 is an unknown value
EBX=0x00000000 is an unknown value
ECX=0xccaf5a62 is an unknown value
EDX=0x263be796 is pointing into the stack for thread: 0x2569ac00
ESP=0x263be7d0 is pointing into the stack for thread: 0x2569ac00
EBP=0x0000006d is an unknown value
ESI=0x00000302 is an unknown value
EDI=0x263be900 is pointing into the stack for thread: 0x2569ac00


Stack: [0x26370000,0x263c0000],  sp=0x263be7d0,  free space=313k
Native frames: (J=compiled Java code, j=interpreted, Vv=VM code, C=native code)
C  0x00008a2c

Java frames: (J=compiled Java code, j=interpreted, Vv=VM code)
j  processing.app.Platform.resolveDeviceAttachedToNative(Ljava/lang/String;)Ljava/lang/String;+0
j  processing.app.Platform.resolveDeviceByVendorIdProductId(Ljava/lang/String;Ljava/util/Map;)Ljava/util/Map;+2
j  cc.arduino.packages.discoverers.serial.SerialBoardsLister.retriggerDiscovery(Z)V+309
j  cc.arduino.packages.discoverers.serial.SerialBoardsLister.run()V+9
j  java.util.TimerThread.mainLoop()V+221
j  java.util.TimerThread.run()V+1
v  ~StubRoutines::call_stub

---------------  P R O C E S S  ---------------

Java Threads: ( => current thread )
  0x257ef000 JavaThread "Image Fetcher 3" daemon [_thread_blocked, id=5196, stack(0x28010000,0x28060000)]
  0x257edc00 JavaThread "Batik CleanerThread" daemon [_thread_blocked, id=9328, stack(0x27d60000,0x27db0000)]
  0x257ed400 JavaThread "AWT-EventQueue-0" [_thread_blocked, id=10060, stack(0x26c20000,0x26c70000)]
  0x257ee800 JavaThread "JmDNS(Jawad.local.).Timer" daemon [_thread_blocked, id=4484, stack(0x26ee0000,0x26f30000)]
  0x257ec400 JavaThread "JmDNS(Jawad.local.).State.Timer" [_thread_blocked, id=9696, stack(0x26e50000,0x26ea0000)]
  0x257ee400 JavaThread "JmDNS(Jawad.local.).Timer" daemon [_thread_blocked, id=4104, stack(0x021f0000,0x02240000)]
  0x257ec800 JavaThread "SocketListener(Jawad.local.)" daemon [_thread_in_native, id=3088, stack(0x26dc0000,0x26e10000)]
  0x257ed000 JavaThread "JmDNS(Jawad.local.).Timer" daemon [_thread_blocked, id=3236, stack(0x26ae0000,0x26b30000)]
  0x257b5c00 JavaThread "JmDNS(Jawad.local.).State.Timer" [_thread_blocked, id=836, stack(0x26a50000,0x26aa0000)]
  0x257b1400 JavaThread "JmDNS(Jawad.local.).Timer" daemon [_thread_blocked, id=10096, stack(0x269c0000,0x26a10000)]
  0x257b5400 JavaThread "SocketListener(Jawad.local.)" daemon [_thread_in_native, id=8076, stack(0x26930000,0x26980000)]
  0x256fbc00 JavaThread "cc.arduino.packages.discoverers.network.BoardReachabilityFilter" [_thread_blocked, id=9340, stack(0x26490000,0x264e0000)]
  0x2569b800 JavaThread "cc.arduino.packages.discoverers.network.NetworkChecker" [_thread_blocked, id=6532, stack(0x26400000,0x26450000)]
=>0x2569ac00 JavaThread "cc.arduino.packages.discoverers.serial.SerialBoardsLister" [_thread_in_native, id=9512, stack(0x26370000,0x263c0000)]
  0x2564cc00 JavaThread "AWT-Windows" daemon [_thread_in_native, id=2332, stack(0x25b60000,0x25bb0000)]
  0x2564c400 JavaThread "AWT-Shutdown" [_thread_blocked, id=4652, stack(0x25ad0000,0x25b20000)]
  0x2564b800 JavaThread "Java2D Disposer" daemon [_thread_blocked, id=3820, stack(0x25a40000,0x25a90000)]
  0x24fa9400 JavaThread "Service Thread" daemon [_thread_blocked, id=3956, stack(0x25440000,0x25490000)]
  0x24fad800 JavaThread "C1 CompilerThread0" daemon [_thread_in_vm, id=5760, stack(0x253b0000,0x25400000)]
  0x24fac400 JavaThread "Attach Listener" daemon [_thread_blocked, id=2840, stack(0x25320000,0x25370000)]
  0x24faa800 JavaThread "Signal Dispatcher" daemon [_thread_blocked, id=7644, stack(0x25290000,0x252e0000)]
  0x24f7b800 JavaThread "Finalizer" daemon [_thread_blocked, id=6700, stack(0x24bb0000,0x24c00000)]
  0x24f76800 JavaThread "Reference Handler" daemon [_thread_blocked, id=3268, stack(0x24b20000,0x24b70000)]
  0x0214d800 JavaThread "main" [_thread_in_vm, id=960, stack(0x02150000,0x021a0000)]

Other Threads:
  0x24f71c00 VMThread [stack: 0x24a90000,0x24ae0000] [id=6448]
  0x24fcf000 WatcherThread [stack: 0x254d0000,0x25520000] [id=4156]

VM state:not at safepoint (normal execution)

VM Mutex/Monitor currently owned by a thread: None

Heap:
 def new generation   total 39424K, used 14565K [0x04400000, 0x06ec0000, 0x0eea0000)
  eden space 35072K,  41% used [0x04400000, 0x052395d0, 0x06640000)
  from space 4352K,   0% used [0x06640000, 0x06640000, 0x06a80000)
  to   space 4352K,   0% used [0x06a80000, 0x06a80000, 0x06ec0000)
 tenured generation   total 87424K, used 10990K [0x0eea0000, 0x14400000, 0x24400000)
   the space 87424K,  12% used [0x0eea0000, 0x0f95bb08, 0x0f95bc00, 0x14400000)
 Metaspace       used 14052K, capacity 14419K, committed 14464K, reserved 14720K

Card table byte_map: [0x042d0000,0x043e0000] byte_map_base: 0x042ae000

Polling page: 0x00810000

CodeCache: size=32768Kb used=1870Kb max_used=1870Kb free=30897Kb
 bounds [0x02250000, 0x02428000, 0x04250000]
 total_blobs=1197 nmethods=949 adapters=178
 compilation: enabled

Compilation events (10 events):
Event: 1.164 Thread 0x24fad800  949   !         java.util.zip.ZipFile::releaseInflater (41 bytes)
Event: 1.164 Thread 0x24fad800 nmethod 949 0x02421708 code [0x02421830, 0x02421c18]
Event: 1.164 Thread 0x24fad800  950             java.util.ArrayDeque::add (7 bytes)
Event: 1.164 Thread 0x24fad800 nmethod 950 0x02421e08 code [0x02421f00, 0x02421f8c]
Event: 1.164 Thread 0x24fad800  951             java.util.ArrayDeque::addLast (53 bytes)
Event: 1.164 Thread 0x24fad800 nmethod 951 0x02422008 code [0x02422120, 0x024222c8]
Event: 1.165 Thread 0x24fad800  952             java.util.WeakHashMap::put (162 bytes)
Event: 1.165 Thread 0x24fad800 nmethod 952 0x02422408 code [0x02422550, 0x024228b0]
Event: 1.166 Thread 0x24fad800  953             java.lang.ClassLoader::addClass (9 bytes)
Event: 1.166 Thread 0x24fad800 nmethod 953 0x02422b88 code [0x02422c90, 0x02422d2c]

GC Heap History (6 events):
Event: 0.442 GC heap before
{Heap before GC invocations=0 (full 0):
 def new generation   total 39296K, used 34944K [0x04400000, 0x06ea0000, 0x0eea0000)
  eden space 34944K, 100% used [0x04400000, 0x06620000, 0x06620000)
  from space 4352K,   0% used [0x06620000, 0x06620000, 0x06a60000)
  to   space 4352K,   0% used [0x06a60000, 0x06a60000, 0x06ea0000)
 tenured generation   total 87424K, used 0K [0x0eea0000, 0x14400000, 0x24400000)
   the space 87424K,   0% used [0x0eea0000, 0x0eea0000, 0x0eea0200, 0x14400000)
 Metaspace       used 8151K, capacity 8338K, committed 8448K, reserved 8576K
Event: 0.453 GC heap after
Heap after GC invocations=1 (full 0):
 def new generation   total 39296K, used 4352K [0x04400000, 0x06ea0000, 0x0eea0000)
  eden space 34944K,   0% used [0x04400000, 0x04400000, 0x06620000)
  from space 4352K, 100% used [0x06a60000, 0x06ea0000, 0x06ea0000)
  to   space 4352K,   0% used [0x06620000, 0x06620000, 0x06a60000)
 tenured generation   total 87424K, used 1734K [0x0eea0000, 0x14400000, 0x24400000)
   the space 87424K,   1% used [0x0eea0000, 0x0f051800, 0x0f051800, 0x14400000)
 Metaspace       used 8151K, capacity 8338K, committed 8448K, reserved 8576K
}
Event: 0.810 GC heap before
{Heap before GC invocations=1 (full 0):
 def new generation   total 39296K, used 39296K [0x04400000, 0x06ea0000, 0x0eea0000)
  eden space 34944K, 100% used [0x04400000, 0x06620000, 0x06620000)
  from space 4352K, 100% used [0x06a60000, 0x06ea0000, 0x06ea0000)
  to   space 4352K,   0% used [0x06620000, 0x06620000, 0x06a60000)
 tenured generation   total 87424K, used 1734K [0x0eea0000, 0x14400000, 0x24400000)
   the space 87424K,   1% used [0x0eea0000, 0x0f051800, 0x0f051800, 0x14400000)
 Metaspace       used 11540K, capacity 11857K, committed 11904K, reserved 12672K
Event: 0.824 GC heap after
Heap after GC invocations=2 (full 0):
 def new generation   total 39296K, used 4352K [0x04400000, 0x06ea0000, 0x0eea0000)
  eden space 34944K,   0% used [0x04400000, 0x04400000, 0x06620000)
  from space 4352K, 100% used [0x06620000, 0x06a60000, 0x06a60000)
  to   space 4352K,   0% used [0x06a60000, 0x06a60000, 0x06ea0000)
 tenured generation   total 87424K, used 8773K [0x0eea0000, 0x14400000, 0x24400000)
   the space 87424K,  10% used [0x0eea0000, 0x0f731478, 0x0f731600, 0x14400000)
 Metaspace       used 11540K, capacity 11857K, committed 11904K, reserved 12672K
}
Event: 0.981 GC heap before
{Heap before GC invocations=2 (full 0):
 def new generation   total 39296K, used 12370K [0x04400000, 0x06ea0000, 0x0eea0000)
  eden space 34944K,  22% used [0x04400000, 0x04bd4ab8, 0x06620000)
  from space 4352K, 100% used [0x06620000, 0x06a60000, 0x06a60000)
  to   space 4352K,   0% used [0x06a60000, 0x06a60000, 0x06ea0000)
 tenured generation   total 87424K, used 8773K [0x0eea0000, 0x14400000, 0x24400000)
   the space 87424K,  10% used [0x0eea0000, 0x0f731478, 0x0f731600, 0x14400000)
 Metaspace       used 11940K, capacity 12261K, committed 12288K, reserved 12672K
Event: 1.000 GC heap after
Heap after GC invocations=3 (full 1):
 def new generation   total 39424K, used 0K [0x04400000, 0x06ec0000, 0x0eea0000)
  eden space 35072K,   0% used [0x04400000, 0x04400000, 0x06640000)
  from space 4352K,   0% used [0x06640000, 0x06640000, 0x06a80000)
  to   space 4352K,   0% used [0x06a80000, 0x06a80000, 0x06ec0000)
 tenured generation   total 87424K, used 10990K [0x0eea0000, 0x14400000, 0x24400000)
   the space 87424K,  12% used [0x0eea0000, 0x0f95bb08, 0x0f95bc00, 0x14400000)
 Metaspace       used 11940K, capacity 12261K, committed 12288K, reserved 12672K
}

Deoptimization events (0 events):
No events

Internal exceptions (10 events):
Event: 0.804 Thread 0x0214d800 Exception <a 'sun/nio/fs/WindowsException'> (0x065a12c0) thrown at [C:\re\workspace\8-2-build-windows-i586-cygwin\jdk8u66\4988\hotspot\src\share\vm\prims\jni.cpp, line 709]
Event: 0.804 Thread 0x0214d800 Exception <a 'sun/nio/fs/WindowsException'> (0x065a19d0) thrown at [C:\re\workspace\8-2-build-windows-i586-cygwin\jdk8u66\4988\hotspot\src\share\vm\prims\jni.cpp, line 709]
Event: 0.805 Thread 0x0214d800 Exception <a 'sun/nio/fs/WindowsException'> (0x065ab6d8) thrown at [C:\re\workspace\8-2-build-windows-i586-cygwin\jdk8u66\4988\hotspot\src\share\vm\prims\jni.cpp, line 709]
Event: 0.805 Thread 0x0214d800 Exception <a 'sun/nio/fs/WindowsException'> (0x065abdc0) thrown at [C:\re\workspace\8-2-build-windows-i586-cygwin\jdk8u66\4988\hotspot\src\share\vm\prims\jni.cpp, line 709]
Event: 0.805 Thread 0x0214d800 Exception <a 'sun/nio/fs/WindowsException'> (0x065b6440) thrown at [C:\re\workspace\8-2-build-windows-i586-cygwin\jdk8u66\4988\hotspot\src\share\vm\prims\jni.cpp, line 709]
Event: 0.805 Thread 0x0214d800 Exception <a 'sun/nio/fs/WindowsException'> (0x065b6ba0) thrown at [C:\re\workspace\8-2-build-windows-i586-cygwin\jdk8u66\4988\hotspot\src\share\vm\prims\jni.cpp, line 709]
Event: 0.806 Thread 0x0214d800 Exception <a 'sun/nio/fs/WindowsException'> (0x065c0ef0) thrown at [C:\re\workspace\8-2-build-windows-i586-cygwin\jdk8u66\4988\hotspot\src\share\vm\prims\jni.cpp, line 709]
Event: 0.806 Thread 0x0214d800 Exception <a 'sun/nio/fs/WindowsException'> (0x065c15d8) thrown at [C:\re\workspace\8-2-build-windows-i586-cygwin\jdk8u66\4988\hotspot\src\share\vm\prims\jni.cpp, line 709]
Event: 0.806 Thread 0x0214d800 Exception <a 'sun/nio/fs/WindowsException'> (0x065cb698) thrown at [C:\re\workspace\8-2-build-windows-i586-cygwin\jdk8u66\4988\hotspot\src\share\vm\prims\jni.cpp, line 709]
Event: 0.806 Thread 0x0214d800 Exception <a 'sun/nio/fs/WindowsException'> (0x065cbd90) thrown at [C:\re\workspace\8-2-build-windows-i586-cygwin\jdk8u66\4988\hotspot\src\share\vm\prims\jni.cpp, line 709]

Events (10 events):
Event: 1.166 loading class org/apache/batik/parser/AngleHandler
Event: 1.166 loading class org/apache/batik/parser/AngleHandler done
Event: 1.166 loading class org/apache/batik/anim/MotionAnimation
Event: 1.166 loading class org/apache/batik/anim/MotionAnimation done
Event: 1.167 loading class org/apache/batik/parser/LengthListHandler
Event: 1.167 loading class org/apache/batik/parser/LengthListHandler done
Event: 1.167 loading class org/apache/batik/parser/LengthHandler
Event: 1.167 loading class org/apache/batik/parser/LengthHandler done
Event: 1.167 loading class org/apache/batik/css/parser/Parser
Event: 1.167 loading class org/apache/batik/css/parser/Parser done


Dynamic libraries:
0x00320000 - 0x00353000 	C:\Program Files (x86)\Arduino\java\bin\javaw.exe
0x77230000 - 0x773ab000 	C:\WINDOWS\SYSTEM32\ntdll.dll
0x76e80000 - 0x76f60000 	C:\WINDOWS\SYSTEM32\KERNEL32.DLL
0x74dd0000 - 0x74f4e000 	C:\WINDOWS\SYSTEM32\KERNELBASE.dll
0x76ac0000 - 0x76b3b000 	C:\WINDOWS\SYSTEM32\ADVAPI32.dll
0x76b40000 - 0x76bfe000 	C:\WINDOWS\SYSTEM32\msvcrt.dll
0x74a80000 - 0x74ac4000 	C:\WINDOWS\SYSTEM32\sechost.dll
0x74bf0000 - 0x74c9d000 	C:\WINDOWS\SYSTEM32\RPCRT4.dll
0x73f40000 - 0x73f5e000 	C:\WINDOWS\SYSTEM32\SspiCli.dll
0x73f30000 - 0x73f3a000 	C:\WINDOWS\SYSTEM32\CRYPTBASE.dll
0x76da0000 - 0x76df8000 	C:\WINDOWS\SYSTEM32\bcryptPrimitives.dll
0x745f0000 - 0x74737000 	C:\WINDOWS\SYSTEM32\USER32.dll
0x76f80000 - 0x770cf000 	C:\WINDOWS\SYSTEM32\GDI32.dll
0x6d210000 - 0x6d41f000 	C:\WINDOWS\WinSxS\x86_microsoft.windows.common-controls_6595b64144ccf1df_6.0.10586.494_none_ea85e725b9ba5a4b\COMCTL32.dll
0x754f0000 - 0x756ad000 	C:\WINDOWS\SYSTEM32\combase.dll
0x76c00000 - 0x76c2b000 	C:\WINDOWS\SYSTEM32\IMM32.DLL
0x6ada0000 - 0x6ae5f000 	C:\Program Files (x86)\Arduino\java\bin\msvcr100.dll
0x6a9d0000 - 0x6ad95000 	C:\Program Files (x86)\Arduino\java\bin\client\jvm.dll
0x76e70000 - 0x76e76000 	C:\WINDOWS\SYSTEM32\PSAPI.DLL
0x6f710000 - 0x6f718000 	C:\WINDOWS\SYSTEM32\WSOCK32.dll
0x6fde0000 - 0x6fe04000 	C:\WINDOWS\SYSTEM32\WINMM.dll
0x747a0000 - 0x747ff000 	C:\WINDOWS\SYSTEM32\WS2_32.dll
0x73ce0000 - 0x73ce8000 	C:\WINDOWS\SYSTEM32\VERSION.dll
0x6fdb0000 - 0x6fdd3000 	C:\WINDOWS\SYSTEM32\WINMMBASE.dll
0x74f50000 - 0x74f87000 	C:\WINDOWS\SYSTEM32\cfgmgr32.dll
0x6a990000 - 0x6a9c1000 	C:\Program Files (x86)\Arduino\java\bin\splashscreen.dll
0x6fe90000 - 0x6ff05000 	C:\WINDOWS\system32\uxtheme.dll
0x6a980000 - 0x6a98c000 	C:\Program Files (x86)\Arduino\java\bin\verify.dll
0x76c80000 - 0x76d9f000 	C:\WINDOWS\SYSTEM32\MSCTF.dll
0x6a950000 - 0x6a971000 	C:\Program Files (x86)\Arduino\java\bin\java.dll
0x6a930000 - 0x6a943000 	C:\Program Files (x86)\Arduino\java\bin\zip.dll
0x74be0000 - 0x74bec000 	C:\WINDOWS\SYSTEM32\kernel.appcore.dll
0x756b0000 - 0x76aae000 	C:\WINDOWS\SYSTEM32\SHELL32.dll
0x74ff0000 - 0x754ea000 	C:\WINDOWS\SYSTEM32\windows.storage.dll
0x74990000 - 0x749d5000 	C:\WINDOWS\SYSTEM32\shlwapi.dll
0x74d40000 - 0x74dcd000 	C:\WINDOWS\SYSTEM32\shcore.dll
0x76c30000 - 0x76c74000 	C:\WINDOWS\SYSTEM32\powrprof.dll
0x74ad0000 - 0x74adf000 	C:\WINDOWS\SYSTEM32\profapi.dll
0x6a7e0000 - 0x6a925000 	C:\Program Files (x86)\Arduino\java\bin\awt.dll
0x74ca0000 - 0x74d32000 	C:\WINDOWS\SYSTEM32\OLEAUT32.dll
0x738b0000 - 0x73942000 	C:\WINDOWS\system32\apphelp.dll
0x6b540000 - 0x6b55d000 	C:\WINDOWS\system32\dwmapi.dll
0x770d0000 - 0x771bb000 	C:\WINDOWS\SYSTEM32\ole32.dll
0x6a7c0000 - 0x6a7d6000 	C:\Program Files (x86)\Arduino\java\bin\net.dll
0x6f840000 - 0x6f88f000 	C:\WINDOWS\system32\mswsock.dll
0x6ff10000 - 0x6ff3f000 	C:\WINDOWS\SYSTEM32\IPHLPAPI.DLL
0x76ab0000 - 0x76ab7000 	C:\WINDOWS\SYSTEM32\NSI.dll
0x6d6e0000 - 0x6d6f3000 	C:\WINDOWS\SYSTEM32\dhcpcsvc6.DLL
0x61940000 - 0x61976000 	C:\Program Files (x86)\Arduino\lib\listSerialsj.dll
0x73f60000 - 0x7436b000 	C:\WINDOWS\SYSTEM32\SETUPAPI.dll
0x6d6c0000 - 0x6d6d4000 	C:\WINDOWS\SYSTEM32\dhcpcsvc.DLL
0x714e0000 - 0x714f3000 	C:\WINDOWS\SYSTEM32\CRYPTSP.dll
0x714b0000 - 0x714df000 	C:\WINDOWS\system32\rsaenh.dll
0x730a0000 - 0x730bb000 	C:\WINDOWS\SYSTEM32\bcrypt.dll
0x73890000 - 0x738a9000 	C:\WINDOWS\SYSTEM32\USERENV.dll
0x6a7b0000 - 0x6a7bf000 	C:\Program Files (x86)\Arduino\java\bin\nio.dll
0x6f7b0000 - 0x6f834000 	C:\WINDOWS\SYSTEM32\DNSAPI.dll
0x6f780000 - 0x6f7a1000 	C:\Program Files (x86)\Bonjour\mdnsNSP.dll
0x26770000 - 0x267ad000 	C:\Users\tanan\AppData\Local\Temp\jna--881030509\jna2547467100978418137.dll
0x6f770000 - 0x6f778000 	C:\Windows\System32\rasadhlp.dll
0x6f720000 - 0x6f767000 	C:\WINDOWS\System32\fwpuclnt.dll
0x6a770000 - 0x6a7a9000 	C:\Program Files (x86)\Arduino\java\bin\fontmanager.dll
0x6a740000 - 0x6a770000 	C:\Program Files (x86)\Arduino\java\bin\t2k.dll
0x6a6d0000 - 0x6a739000 	C:\Program Files (x86)\Arduino\msvcp100.dll
0x6a610000 - 0x6a6ce000 	C:\Program Files (x86)\Arduino\msvcr100.dll
0x27ce0000 - 0x27d12000 	C:\Program Files (x86)\Arduino\lib\AStylej.dll
0x6f890000 - 0x6f8b2000 	C:\WINDOWS\SYSTEM32\DEVOBJ.dll
0x771c0000 - 0x77202000 	C:\WINDOWS\SYSTEM32\WINTRUST.dll
0x76e00000 - 0x76e0e000 	C:\WINDOWS\SYSTEM32\MSASN1.dll
0x74800000 - 0x74979000 	C:\WINDOWS\SYSTEM32\CRYPT32.dll
0x6f8f0000 - 0x6fa2f000 	C:\WINDOWS\SYSTEM32\dbghelp.dll

VM Arguments:
jvm_args: -Dsun.java2d.d3d=false -DAPP_DIR=C:\Program Files (x86)\Arduino -Xms128M -Xmx512M 
java_command: processing.app.Base C:\Users\tanan\Documents\Arduino\detecting_vibration_project\detecting_vibration_project.ino
java_class_path (initial): C:\Program Files (x86)\Arduino\lib\apple.jar;C:\Program Files (x86)\Arduino\lib\arduino-core.jar;C:\Program Files (x86)\Arduino\lib\batik-1.8.jar;C:\Program Files (x86)\Arduino\lib\batik-anim-1.8.jar;C:\Program Files (x86)\Arduino\lib\batik-awt-util-1.8.jar;C:\Program Files (x86)\Arduino\lib\batik-bridge-1.8.jar;C:\Program Files (x86)\Arduino\lib\batik-codec-1.8.jar;C:\Program Files (x86)\Arduino\lib\batik-css-1.8.jar;C:\Program Files (x86)\Arduino\lib\batik-dom-1.8.jar;C:\Program Files (x86)\Arduino\lib\batik-ext-1.8.jar;C:\Program Files (x86)\Arduino\lib\batik-gvt-1.8.jar;C:\Program Files (x86)\Arduino\lib\batik-parser-1.8.jar;C:\Program Files (x86)\Arduino\lib\batik-rasterizer-1.8.jar;C:\Program Files (x86)\Arduino\lib\batik-script-1.8.jar;C:\Program Files (x86)\Arduino\lib\batik-squiggle-1.8.jar;C:\Program Files (x86)\Arduino\lib\batik-svg-dom-1.8.jar;C:\Program Files (x86)\Arduino\lib\batik-svgpp-1.8.jar;C:\Program Files (x86)\Arduino\lib\batik-transcoder-1.8.jar;C:\Program Files (x86)\Arduino\lib\batik-util-1.8.jar;C:\Program Files (x86)\Arduino\lib\batik-xml-1.8.jar;C:\Program Files (x86)\Arduino\lib\bcpg-jdk15on-152.jar;C:\Program Files (x86)\Arduino\lib\bcprov-jdk15on-152.jar;C:\Program Files (x86)\Arduino\lib\commons-codec-1.7.jar;C:\Program Files (x86)\Arduino\lib\commons-compress-1.8.jar;C:\Program Files (x86)\Arduino\lib\commons-exec-1.1.jar;C:\Program Files (x86)\Arduino\lib\commons-httpclient-3.1.jar;C:\Program Files (x86)\Arduino\lib\commons-lang3-3.3.2.jar;C:\Program Files (x86)\Arduino\lib\commons-logging-1.0.4.jar;C:\Program Files (x86)\Arduino\lib\commons-net-3.3.jar;C:\Program Files (x86)\Arduino\lib\jackson-annotations-2.6.3.jar;C:\Program Files (x86)\Arduino\lib\jackson-core-2.6.3.jar;C:\Program Files (x86)\Arduino\lib\jackson-databind-2.6.3.jar;C:\Program Files (x86)\Arduino\lib\jackson-module-mrbean-2.6.3.jar;C:\Program Files (x86)\Arduino\lib\java-semver-0.8.0.jar;C:\Program Files (x86)\Arduino\lib\jmdns-3.4.1.j
Launcher Type: SUN_STANDARD

Environment Variables:
PATH=C:\ProgramData\Oracle\Java\javapath;C:\Program Files (x86)\Intel\iCLS Client\;C:\Program Files\Intel\iCLS Client\;C:\WINDOWS\system32;C:\WINDOWS;C:\WINDOWS\System32\Wbem;C:\WINDOWS\System32\WindowsPowerShell\v1.0\;C:\Program Files\Intel\Intel(R) Management Engine Components\DAL;C:\Program Files (x86)\Intel\Intel(R) Management Engine Components\DAL;C:\Program Files\Intel\Intel(R) Management Engine Components\IPT;C:\Program Files (x86)\Intel\Intel(R) Management Engine Components\IPT;C:\Program Files (x86)\ATI Technologies\ATI.ACE\Core-Static;C:\Program Files (x86)\QuickTime\QTSystem\;C:\Program Files (x86)\Windows Live\Shared;C:\Program Files (x86)\Skype\Phone\;C:\Users\Consulting\Desktop\coding\Nodejs\; C:\Python34\;C:\Program Files (x86)\Arduino\java\bin
USERNAME=tanana
OS=Windows_NT
PROCESSOR_IDENTIFIER=Intel64 Family 6 Model 60 Stepping 3, GenuineIntel



---------------  S Y S T E M  ---------------

OS: Windows 10.0 , 64 bit Build 10586 (10.0.10586.0)

CPU:total 4 (4 cores per cpu, 1 threads per core) family 6 model 60 stepping 3, cmov, cx8, fxsr, mmx, sse, sse2, sse3, ssse3, sse4.1, sse4.2, popcnt, avx, avx2, aes, clmul, erms, lzcnt, tsc, tscinvbit, bmi1, bmi2

Memory: 4k page, physical 8250564k(5631000k free), swap 16639172k(14060396k free)

vm_info: Java HotSpot(TM) Client VM (25.66-b17) for windows-x86 JRE (1.8.0_66-b17), built on Oct  6 2015 19:59:47 by "java_re" with MS VC++ 10.0 (VS2010)

time: Tue Aug 23 18:30:12 2016
elapsed time: 1 seconds (0d 0h 0m 1s)

